<?xml version="1.0" encoding="UTF-8"?>
<!-- Generated by org.testng.reporters.JUnitReportReporter -->
<testsuite hostname="Shritik_Sharma" failures="1" tests="4" name="automationPractice.base.LoginTestCase" time="8.336" errors="1" timestamp="2025-05-14T00:47:18 IST" skipped="0">
  <testcase classname="automationPractice.base.LoginTestCase" name="RegisterUser" time="1.084"/>
  <testcase classname="automationPractice.base.LoginTestCase" name="signUp" time="1.723"/>
  <testcase classname="automationPractice.base.LoginTestCase" name="createAccountForm" time="0.785">
    <error type="java.lang.NullPointerException">
      <![CDATA[java.lang.NullPointerException
at automationPractice.base.LoginTestCase.selectDropDownByValue(LoginTestCase.java:137)
at automationPractice.base.LoginTestCase.createAccountForm(LoginTestCase.java:71)
at java.base/jdk.internal.reflect.NativeMethodAccessorImpl.invoke0(Native Method)
at java.base/jdk.internal.reflect.NativeMethodAccessorImpl.invoke(NativeMethodAccessorImpl.java:62)
at java.base/jdk.internal.reflect.DelegatingMethodAccessorImpl.invoke(DelegatingMethodAccessorImpl.java:43)
at java.base/java.lang.reflect.Method.invoke(Method.java:566)
at org.testng.internal.invokers.MethodInvocationHelper.invokeMethod(MethodInvocationHelper.java:139)
at org.testng.internal.invokers.TestInvoker.invokeMethod(TestInvoker.java:664)
at org.testng.internal.invokers.TestInvoker.invokeTestMethod(TestInvoker.java:227)
at org.testng.internal.invokers.MethodRunner.runInSequence(MethodRunner.java:50)
at org.testng.internal.invokers.TestInvoker$MethodInvocationAgent.invoke(TestInvoker.java:957)
at org.testng.internal.invokers.TestInvoker.invokeTestMethods(TestInvoker.java:200)
at org.testng.internal.invokers.TestMethodWorker.invokeTestMethods(TestMethodWorker.java:148)
at org.testng.internal.invokers.TestMethodWorker.run(TestMethodWorker.java:128)
at java.base/java.util.ArrayList.forEach(ArrayList.java:1541)
at org.testng.TestRunner.privateRun(TestRunner.java:848)
at org.testng.TestRunner.run(TestRunner.java:621)
at org.testng.SuiteRunner.runTest(SuiteRunner.java:443)
at org.testng.SuiteRunner.runSequentially(SuiteRunner.java:437)
at org.testng.SuiteRunner.privateRun(SuiteRunner.java:397)
at org.testng.SuiteRunner.run(SuiteRunner.java:336)
at org.testng.SuiteRunnerWorker.runSuite(SuiteRunnerWorker.java:52)
at org.testng.SuiteRunnerWorker.run(SuiteRunnerWorker.java:95)
at org.testng.TestNG.runSuitesSequentially(TestNG.java:1280)
at org.testng.TestNG.runSuitesLocally(TestNG.java:1200)
at org.testng.TestNG.runSuites(TestNG.java:1114)
at org.testng.TestNG.run(TestNG.java:1082)
at org.testng.remote.AbstractRemoteTestNG.run(AbstractRemoteTestNG.java:115)
at org.testng.remote.RemoteTestNG.initAndRun(RemoteTestNG.java:293)
at org.testng.remote.RemoteTestNG.main(RemoteTestNG.java:91)
]]>
    </error>
    <system-out>
      <![CDATA[Click to see screenshot
<a target = "_blank" href=Wed_May_14_00_46_21_IST_2025.jpg >Screenshot</a>
<br>
<br>
<a target = "_blank" href=Wed_May_14_00_46_21_IST_2025.jpg ><img src=Wed_May_14_00_46_21_IST_2025.jpg height =200 width = 200></img></a>]]>
    </system-out>
  </testcase> <!-- createAccountForm -->
  <testcase classname="automationPractice.base.LoginTestCase" name="RegisterUserWithExistingEmail" time="4.744">
    <failure message="The following asserts failed:
	Error Message not showing!! expected [Email Address already exist!] but found [First name *]" type="java.lang.AssertionError">
      <![CDATA[java.lang.AssertionError: The following asserts failed:
Error Message not showing!! expected [Email Address already exist!] but found [First name *]
at org.testng.asserts.SoftAssert.assertAll(SoftAssert.java:46)
at org.testng.asserts.SoftAssert.assertAll(SoftAssert.java:30)
at automationPractice.base.LoginTestCase.RegisterUserWithExistingEmail(LoginTestCase.java:128)
at java.base/jdk.internal.reflect.NativeMethodAccessorImpl.invoke0(Native Method)
at java.base/jdk.internal.reflect.NativeMethodAccessorImpl.invoke(NativeMethodAccessorImpl.java:62)
at java.base/jdk.internal.reflect.DelegatingMethodAccessorImpl.invoke(DelegatingMethodAccessorImpl.java:43)
at java.base/java.lang.reflect.Method.invoke(Method.java:566)
at org.testng.internal.invokers.MethodInvocationHelper.invokeMethod(MethodInvocationHelper.java:139)
at org.testng.internal.invokers.TestInvoker.invokeMethod(TestInvoker.java:664)
at org.testng.internal.invokers.TestInvoker.invokeTestMethod(TestInvoker.java:227)
at org.testng.internal.invokers.MethodRunner.runInSequence(MethodRunner.java:50)
at org.testng.internal.invokers.TestInvoker$MethodInvocationAgent.invoke(TestInvoker.java:957)
at org.testng.internal.invokers.TestInvoker.invokeTestMethods(TestInvoker.java:200)
at org.testng.internal.invokers.TestMethodWorker.invokeTestMethods(TestMethodWorker.java:148)
at org.testng.internal.invokers.TestMethodWorker.run(TestMethodWorker.java:128)
at java.base/java.util.ArrayList.forEach(ArrayList.java:1541)
at org.testng.TestRunner.privateRun(TestRunner.java:848)
at org.testng.TestRunner.run(TestRunner.java:621)
at org.testng.SuiteRunner.runTest(SuiteRunner.java:443)
at org.testng.SuiteRunner.runSequentially(SuiteRunner.java:437)
at org.testng.SuiteRunner.privateRun(SuiteRunner.java:397)
at org.testng.SuiteRunner.run(SuiteRunner.java:336)
at org.testng.SuiteRunnerWorker.runSuite(SuiteRunnerWorker.java:52)
at org.testng.SuiteRunnerWorker.run(SuiteRunnerWorker.java:95)
at org.testng.TestNG.runSuitesSequentially(TestNG.java:1280)
at org.testng.TestNG.runSuitesLocally(TestNG.java:1200)
at org.testng.TestNG.runSuites(TestNG.java:1114)
at org.testng.TestNG.run(TestNG.java:1082)
at org.testng.remote.AbstractRemoteTestNG.run(AbstractRemoteTestNG.java:115)
at org.testng.remote.RemoteTestNG.initAndRun(RemoteTestNG.java:293)
at org.testng.remote.RemoteTestNG.main(RemoteTestNG.java:91)
]]>
    </failure>
    <system-out>
      <![CDATA[Click to see screenshot
<a target = "_blank" href=Wed_May_14_00_46_26_IST_2025.jpg >Screenshot</a>
<br>
<br>
<a target = "_blank" href=Wed_May_14_00_46_26_IST_2025.jpg ><img src=Wed_May_14_00_46_26_IST_2025.jpg height =200 width = 200></img></a>]]>
    </system-out>
  </testcase> <!-- RegisterUserWithExistingEmail -->
  <system-out>
    <![CDATA[Click to see screenshot
<a target = "_blank" href=Wed_May_14_00_46_21_IST_2025.jpg >Screenshot</a>
<br>
<br>
<a target = "_blank" href=Wed_May_14_00_46_21_IST_2025.jpg ><img src=Wed_May_14_00_46_21_IST_2025.jpg height =200 width = 200></img></a>
Click to see screenshot
<a target = "_blank" href=Wed_May_14_00_46_26_IST_2025.jpg >Screenshot</a>
<br>
<br>
<a target = "_blank" href=Wed_May_14_00_46_26_IST_2025.jpg ><img src=Wed_May_14_00_46_26_IST_2025.jpg height =200 width = 200></img></a>
Click to see screenshot
<a target = "_blank" href=Wed_May_14_00_47_07_IST_2025.jpg >Screenshot</a>
<br>
<br>
<a target = "_blank" href=Wed_May_14_00_47_07_IST_2025.jpg ><img src=Wed_May_14_00_47_07_IST_2025.jpg height =200 width = 200></img></a>]]>
  </system-out>
</testsuite> <!-- automationPractice.base.LoginTestCase -->
